-------------------------------------------------------------------------------
Test set: com.down.ssm.dao.UserDaoTest
-------------------------------------------------------------------------------
Tests run: 1, Failures: 0, Errors: 1, Skipped: 0, Time elapsed: 0.831 s <<< FAILURE! - in com.down.ssm.dao.UserDaoTest
findCountTest(com.down.ssm.dao.UserDaoTest)  Time elapsed: 0 s  <<< ERROR!
java.lang.IllegalStateException: Failed to load ApplicationContext
Caused by: org.springframework.beans.factory.CannotLoadBeanClassException: Cannot find class [com.alibaba.druid.pool.DruidDataSource] for bean with name 'dataSource' defined in class path resource [druid.xml]; nested exception is java.lang.ClassNotFoundException: com.alibaba.druid.pool.DruidDataSource
Caused by: java.lang.ClassNotFoundException: com.alibaba.druid.pool.DruidDataSource

